
ROM used:   338/8192 (4%)
            338/8192 (4%) including unused fragments

            0.5 Average locations per line
            14.7 Average locations per statement

RAM used:   8/368 (2%) at main() level
            20/368 (5%) worst case

Stack used: 1 worst case (1 in main + 0 for interrupts)
Stack size: 8

Lines Stmts  %   Files
----- ----- ---  -----
   33    23 100  main.c
    5     0   0  main.h
  708     0   0  ..\..\..\..\Program Files (x86)\PICC\Devices\16F877A.h
----- -----
  746    23 Total

Page ROM  %  RAM    Vol Diff  Functions:
---- --- --- ---    --- ----  ----------
0     20   6    1             @delay_ms1
0    131  39    1    527  5.1  main
0     31   9    2             @ITOF
0    119  35   13             @MULFF
0     33  10    4             @SFTOI
 Inline         0             @cinit1

Program metrics:
    Functions               1
    Statements              23
    Comments                123
    Volume (V)              539
    Difficulty (D)          4.6
    Effort to implement (E) 2460
    Time to implement (T)   2 minutes
    Est Delivered Bugs (B)  0
    Cyclomatic Complexity   2
    Maintainability (MI)    37

 Segment     Used  Free
-----------  ----  ----
00000-00003     4  0  
00004-007FF   334  1710  
00800-00FFF     0  2048  
01000-017FF     0  2048  
01800-01FFF     0  2048  



